[00:29:37] [Server thread/INFO]: Starting minecraft server version 1.12.2
[00:29:38] [Server thread/INFO]: Loading properties
[00:29:38] [Server thread/WARN]: Invalid sha1 for ressource-pack-sha1
[00:29:38] [Server thread/INFO]: Default game type: SURVIVAL
[00:29:38] [Server thread/INFO]: This server is running CraftBukkit version git-Spigot-79a30d7-acbc348 (MC: 1.12.2) (Implementing API version 1.12.2-R0.1-SNAPSHOT)
[00:29:38] [Server thread/INFO]: Debug logging is disabled
[00:29:38] [Server thread/INFO]: Server Ping Player Sample Count: 12

[00:29:38] [Server thread/INFO]: Using 4 threads for Netty based IO
[00:29:38] [Server thread/INFO]: Generating keypair
[00:29:38] [Server thread/INFO]: Starting Minecraft server on localhost:25565
[00:29:38] [Server thread/INFO]: Using default channel type
[00:29:38] [Server thread/INFO]: Set PluginClassLoader as parallel capable
[00:29:38] [Server thread/INFO]: [PlugMan] Loading PlugMan v2.1.7
[00:29:38] [Server thread/INFO]: [LaggRemover] Loading LaggRemover v2.0.6
[00:29:38] [Server thread/INFO]: [ProtocolLib] Loading ProtocolLib v5.3.0
[00:29:39] [Server thread/INFO]: [LoginSecurity] Loading LoginSecurity v3.3.0
[00:29:39] [Server thread/INFO]: [ProtocolLib] Enabling ProtocolLib v5.3.0
[00:29:39] [Server thread/WARN]: **** SERVER IS RUNNING IN OFFLINE/INSECURE MODE!
[00:29:39] [Server thread/WARN]: The server will make no attempt to authenticate usernames. Beware.
[00:29:39] [Server thread/WARN]: While this makes the game possible to play without internet access, it also opens up the ability for hackers to connect with any username they choose.
[00:29:39] [Server thread/WARN]: To change this, set "online-mode" to "true" in the server.properties file.
[00:29:39] [Server thread/INFO]: **** Beginning UUID conversion, this may take A LONG time ****
[00:29:39] [Server thread/INFO]: Preparing level "world"
[00:29:39] [Server thread/INFO]: -------- World Settings For [world] --------
[00:29:39] [Server thread/INFO]: Mob Spawn Range: 4
[00:29:39] [Server thread/INFO]: Cactus Growth Modifier: 100%
[00:29:39] [Server thread/INFO]: Cane Growth Modifier: 100%
[00:29:39] [Server thread/INFO]: Melon Growth Modifier: 100%
[00:29:39] [Server thread/INFO]: Mushroom Growth Modifier: 100%
[00:29:39] [Server thread/INFO]: Pumpkin Growth Modifier: 100%
[00:29:39] [Server thread/INFO]: Sapling Growth Modifier: 100%
[00:29:39] [Server thread/INFO]: Wheat Growth Modifier: 100%
[00:29:39] [Server thread/INFO]: NetherWart Growth Modifier: 100%
[00:29:39] [Server thread/INFO]: Vine Growth Modifier: 100%
[00:29:39] [Server thread/INFO]: Cocoa Growth Modifier: 100%
[00:29:39] [Server thread/INFO]: Entity Activation Range: An 32 / Mo 32 / Mi 16 / Tiv true
[00:29:39] [Server thread/INFO]: Entity Tracking Range: Pl 48 / An 48 / Mo 48 / Mi 32 / Other 64
[00:29:39] [Server thread/INFO]: Hopper Transfer: 8 Hopper Check: 1 Hopper Amount: 1
[00:29:39] [Server thread/INFO]: Random Lighting Updates: false
[00:29:39] [Server thread/INFO]: Structure Info Saving: true
[00:29:39] [Server thread/INFO]: Custom Map Seeds:  Village: 10387312 Feature: 14357617 Monument: 10387313 Slime: 987234911
[00:29:39] [Server thread/INFO]: Max TNT Explosions: 100
[00:29:39] [Server thread/INFO]: Tile Max Tick Time: 50ms Entity max Tick Time: 50ms
[00:29:39] [Server thread/INFO]: Allow Zombie Pigmen to spawn from portal blocks: true
[00:29:39] [Server thread/INFO]: Item Despawn Rate: 6000
[00:29:39] [Server thread/INFO]: Item Merge Radius: 2.5
[00:29:39] [Server thread/INFO]: Arrow Despawn Rate: 1200
[00:29:39] [Server thread/INFO]: View Distance: 4
[00:29:39] [Server thread/INFO]: Experience Merge Radius: 3.0
[00:29:39] [Server thread/INFO]: Zombie Aggressive Towards Villager: true
[00:29:39] [Server thread/INFO]: Nerfing mobs spawned from spawners: false
[00:29:40] [Server thread/INFO]: -------- World Settings For [world_nether] --------
[00:29:40] [Server thread/INFO]: Mob Spawn Range: 4
[00:29:40] [Server thread/INFO]: Cactus Growth Modifier: 100%
[00:29:40] [Server thread/INFO]: Cane Growth Modifier: 100%
[00:29:40] [Server thread/INFO]: Melon Growth Modifier: 100%
[00:29:40] [Server thread/INFO]: Mushroom Growth Modifier: 100%
[00:29:40] [Server thread/INFO]: Pumpkin Growth Modifier: 100%
[00:29:40] [Server thread/INFO]: Sapling Growth Modifier: 100%
[00:29:40] [Server thread/INFO]: Wheat Growth Modifier: 100%
[00:29:40] [Server thread/INFO]: NetherWart Growth Modifier: 100%
[00:29:40] [Server thread/INFO]: Vine Growth Modifier: 100%
[00:29:40] [Server thread/INFO]: Cocoa Growth Modifier: 100%
[00:29:40] [Server thread/INFO]: Entity Activation Range: An 32 / Mo 32 / Mi 16 / Tiv true
[00:29:40] [Server thread/INFO]: Entity Tracking Range: Pl 48 / An 48 / Mo 48 / Mi 32 / Other 64
[00:29:40] [Server thread/INFO]: Hopper Transfer: 8 Hopper Check: 1 Hopper Amount: 1
[00:29:40] [Server thread/INFO]: Random Lighting Updates: false
[00:29:40] [Server thread/INFO]: Structure Info Saving: true
[00:29:40] [Server thread/INFO]: Custom Map Seeds:  Village: 10387312 Feature: 14357617 Monument: 10387313 Slime: 987234911
[00:29:40] [Server thread/INFO]: Max TNT Explosions: 100
[00:29:40] [Server thread/INFO]: Tile Max Tick Time: 50ms Entity max Tick Time: 50ms
[00:29:40] [Server thread/INFO]: Allow Zombie Pigmen to spawn from portal blocks: true
[00:29:40] [Server thread/INFO]: Item Despawn Rate: 6000
[00:29:40] [Server thread/INFO]: Item Merge Radius: 2.5
[00:29:40] [Server thread/INFO]: Arrow Despawn Rate: 1200
[00:29:40] [Server thread/INFO]: View Distance: 4
[00:29:40] [Server thread/INFO]: Experience Merge Radius: 3.0
[00:29:40] [Server thread/INFO]: Zombie Aggressive Towards Villager: true
[00:29:40] [Server thread/INFO]: Nerfing mobs spawned from spawners: false
[00:29:40] [Server thread/INFO]: -------- World Settings For [world_the_end] --------
[00:29:40] [Server thread/INFO]: Mob Spawn Range: 4
[00:29:40] [Server thread/INFO]: Cactus Growth Modifier: 100%
[00:29:40] [Server thread/INFO]: Cane Growth Modifier: 100%
[00:29:40] [Server thread/INFO]: Melon Growth Modifier: 100%
[00:29:40] [Server thread/INFO]: Mushroom Growth Modifier: 100%
[00:29:40] [Server thread/INFO]: Pumpkin Growth Modifier: 100%
[00:29:40] [Server thread/INFO]: Sapling Growth Modifier: 100%
[00:29:40] [Server thread/INFO]: Wheat Growth Modifier: 100%
[00:29:40] [Server thread/INFO]: NetherWart Growth Modifier: 100%
[00:29:40] [Server thread/INFO]: Vine Growth Modifier: 100%
[00:29:40] [Server thread/INFO]: Cocoa Growth Modifier: 100%
[00:29:40] [Server thread/INFO]: Entity Activation Range: An 32 / Mo 32 / Mi 16 / Tiv true
[00:29:40] [Server thread/INFO]: Entity Tracking Range: Pl 48 / An 48 / Mo 48 / Mi 32 / Other 64
[00:29:40] [Server thread/INFO]: Hopper Transfer: 8 Hopper Check: 1 Hopper Amount: 1
[00:29:40] [Server thread/INFO]: Random Lighting Updates: false
[00:29:40] [Server thread/INFO]: Structure Info Saving: true
[00:29:40] [Server thread/INFO]: Custom Map Seeds:  Village: 10387312 Feature: 14357617 Monument: 10387313 Slime: 987234911
[00:29:40] [Server thread/INFO]: Max TNT Explosions: 100
[00:29:40] [Server thread/INFO]: Tile Max Tick Time: 50ms Entity max Tick Time: 50ms
[00:29:40] [Server thread/INFO]: Allow Zombie Pigmen to spawn from portal blocks: true
[00:29:40] [Server thread/INFO]: Item Despawn Rate: 6000
[00:29:40] [Server thread/INFO]: Item Merge Radius: 2.5
[00:29:40] [Server thread/INFO]: Arrow Despawn Rate: 1200
[00:29:40] [Server thread/INFO]: View Distance: 4
[00:29:40] [Server thread/INFO]: Experience Merge Radius: 3.0
[00:29:40] [Server thread/INFO]: Zombie Aggressive Towards Villager: true
[00:29:40] [Server thread/INFO]: Nerfing mobs spawned from spawners: false
[00:29:41] [Server thread/INFO]: Preparing start region for level 0 (Seed: -4492654296339291944)
[00:29:42] [Server thread/INFO]: Preparing spawn area: 4%
[00:29:43] [Server thread/INFO]: Preparing spawn area: 8%
[00:29:44] [Server thread/INFO]: Preparing spawn area: 14%
[00:29:45] [Server thread/INFO]: Preparing spawn area: 20%
[00:29:46] [Server thread/INFO]: Preparing spawn area: 25%
[00:29:47] [Server thread/INFO]: Preparing spawn area: 33%
[00:29:48] [Server thread/INFO]: Preparing spawn area: 41%
[00:29:49] [Server thread/INFO]: Preparing spawn area: 49%
[00:29:50] [Server thread/INFO]: Preparing spawn area: 57%
[00:29:51] [Server thread/INFO]: Preparing spawn area: 64%
[00:29:52] [Server thread/INFO]: Preparing spawn area: 70%
[00:29:53] [Server thread/INFO]: Preparing spawn area: 74%
[00:29:54] [Server thread/INFO]: Preparing spawn area: 81%
[00:29:55] [Server thread/INFO]: Preparing spawn area: 90%
[00:29:56] [Server thread/INFO]: Preparing start region for level 1 (Seed: -4492654296339291944)
[00:29:57] [Server thread/INFO]: Preparing spawn area: 8%
[00:29:58] [Server thread/INFO]: Preparing spawn area: 14%
[00:29:59] [Server thread/INFO]: Preparing spawn area: 25%
[00:30:00] [Server thread/INFO]: Preparing spawn area: 37%
[00:30:01] [Server thread/INFO]: Preparing spawn area: 44%
[00:30:02] [Server thread/INFO]: Preparing spawn area: 52%
[00:30:03] [Server thread/INFO]: Preparing spawn area: 62%
[00:30:04] [Server thread/INFO]: Preparing spawn area: 71%
[00:30:05] [Server thread/INFO]: Preparing spawn area: 88%
[00:30:06] [Server thread/INFO]: Preparing start region for level 2 (Seed: -4492654296339291944)
[00:30:07] [Server thread/INFO]: Preparing spawn area: 49%
[00:30:08] [Server thread/INFO]: Preparing spawn area: 74%
[00:30:08] [Server thread/INFO]: [PlugMan] Enabling PlugMan v2.1.7
[00:30:08] [Server thread/INFO]: [LaggRemover] Enabling LaggRemover v2.0.6
[00:30:08] [Server thread/INFO]: 
    __                      ____                                         _    _____
   / /   ____ _____ _____ _/ __ \___  ____ ___  ____ _   _____  _____   | |  / /__ \
  / /   / __ `/ __ `/ __ `/ /_/ / _ \/ __ `__ \/ __ \ | / / _ \/ ___/   | | / /__/ /
 / /___/ /_/ / /_/ / /_/ / _, _/  __/ / / / / / /_/ / |/ /  __/ /       | |/ // __/
/_____/\__,_/\__, /\__, /_/ |_|\___/_/ /_/ /_/\____/|___/\___/_/        |___//____/
            /____//____/


[00:30:08] [Server thread/INFO]: [LaggRemover] Loaded 0 module(s)
[00:30:08] [Server thread/INFO]: [LaggRemover] The LaggRemover AI is now active!
[00:30:08] [Server thread/INFO]: [LaggRemover] LaggRemover has been enabled!
[00:30:08] [Server thread/INFO]: [LoginSecurity] Enabling LoginSecurity v3.3.0
[00:30:08] [Server thread/INFO]: [LoginSecurity] Loading base translations from "en_us"
[00:30:08] [Server thread/INFO]: [LoginSecurity] Loading specified translations from "en_us"
[00:30:09] [Server thread/INFO]: [LoginSecurity] Registering commands...
[00:30:09] [Server thread/INFO]: [LoginSecurity] Registering listeners...
[00:30:09] [Server thread/WARN]: Could not register alias sell because it contains commands that do not exist: economyshopgui:sellall $1-
[00:30:09] [Server thread/INFO]: Server permissions file permissions.yml is empty, ignoring it
[00:30:09] [Server thread/INFO]: Done (30.336s)! For help, type "help" or "?"
[00:33:24] [User Authenticator #1/INFO]: UUID of player YeeishDa is e4f6dfc2-087f-30a7-83d7-bb243c54b78e
[00:33:25] [Server thread/INFO]: YeeishDa[/127.0.0.1:51200] logged in with entity id 1453 at ([world]-57.5, 64.0, 260.5)
[00:35:21] [Server thread/INFO]: YeeishDa fell from a high place
[00:35:26] [Server thread/INFO]: YeeishDa issued server command: /back
[00:35:40] [Server thread/INFO]: YeeishDa lost connection: Disconnected
[00:35:40] [Server thread/INFO]: YeeishDa left the game
